CRITICAL - 2023-12-12 18:38:16 --> Namespace declaration statement has to be the very first statement or after any declare call in the script
in APPPATH\Config\Routes.php on line 4.
 1 [internal function]: CodeIgniter\Debug\Exceptions->shutdownHandler()
CRITICAL - 2023-12-12 18:38:19 --> Namespace declaration statement has to be the very first statement or after any declare call in the script
in APPPATH\Config\Routes.php on line 4.
 1 [internal function]: CodeIgniter\Debug\Exceptions->shutdownHandler()
CRITICAL - 2023-12-12 18:38:39 --> Namespace declaration statement has to be the very first statement or after any declare call in the script
in APPPATH\Config\Routes.php on line 4.
 1 [internal function]: CodeIgniter\Debug\Exceptions->shutdownHandler()
CRITICAL - 2023-12-12 18:38:40 --> Namespace declaration statement has to be the very first statement or after any declare call in the script
in APPPATH\Config\Routes.php on line 4.
 1 [internal function]: CodeIgniter\Debug\Exceptions->shutdownHandler()
CRITICAL - 2023-12-12 18:38:40 --> Namespace declaration statement has to be the very first statement or after any declare call in the script
in APPPATH\Config\Routes.php on line 4.
 1 [internal function]: CodeIgniter\Debug\Exceptions->shutdownHandler()
CRITICAL - 2023-12-12 18:38:41 --> Namespace declaration statement has to be the very first statement or after any declare call in the script
in APPPATH\Config\Routes.php on line 4.
 1 [internal function]: CodeIgniter\Debug\Exceptions->shutdownHandler()
CRITICAL - 2023-12-12 18:38:41 --> Namespace declaration statement has to be the very first statement or after any declare call in the script
in APPPATH\Config\Routes.php on line 4.
 1 [internal function]: CodeIgniter\Debug\Exceptions->shutdownHandler()
CRITICAL - 2023-12-12 18:38:41 --> Namespace declaration statement has to be the very first statement or after any declare call in the script
in APPPATH\Config\Routes.php on line 4.
 1 [internal function]: CodeIgniter\Debug\Exceptions->shutdownHandler()
CRITICAL - 2023-12-12 18:38:41 --> Namespace declaration statement has to be the very first statement or after any declare call in the script
in APPPATH\Config\Routes.php on line 4.
 1 [internal function]: CodeIgniter\Debug\Exceptions->shutdownHandler()
CRITICAL - 2023-12-12 18:38:41 --> Namespace declaration statement has to be the very first statement or after any declare call in the script
in APPPATH\Config\Routes.php on line 4.
 1 [internal function]: CodeIgniter\Debug\Exceptions->shutdownHandler()
CRITICAL - 2023-12-12 18:38:42 --> Namespace declaration statement has to be the very first statement or after any declare call in the script
in APPPATH\Config\Routes.php on line 4.
 1 [internal function]: CodeIgniter\Debug\Exceptions->shutdownHandler()
CRITICAL - 2023-12-12 18:38:42 --> Namespace declaration statement has to be the very first statement or after any declare call in the script
in APPPATH\Config\Routes.php on line 4.
 1 [internal function]: CodeIgniter\Debug\Exceptions->shutdownHandler()
CRITICAL - 2023-12-12 18:38:42 --> Namespace declaration statement has to be the very first statement or after any declare call in the script
in APPPATH\Config\Routes.php on line 4.
 1 [internal function]: CodeIgniter\Debug\Exceptions->shutdownHandler()
CRITICAL - 2023-12-12 18:38:42 --> Namespace declaration statement has to be the very first statement or after any declare call in the script
in APPPATH\Config\Routes.php on line 4.
 1 [internal function]: CodeIgniter\Debug\Exceptions->shutdownHandler()
CRITICAL - 2023-12-12 18:38:42 --> Namespace declaration statement has to be the very first statement or after any declare call in the script
in APPPATH\Config\Routes.php on line 4.
 1 [internal function]: CodeIgniter\Debug\Exceptions->shutdownHandler()
CRITICAL - 2023-12-12 18:38:43 --> Namespace declaration statement has to be the very first statement or after any declare call in the script
in APPPATH\Config\Routes.php on line 4.
 1 [internal function]: CodeIgniter\Debug\Exceptions->shutdownHandler()
CRITICAL - 2023-12-12 18:38:43 --> Namespace declaration statement has to be the very first statement or after any declare call in the script
in APPPATH\Config\Routes.php on line 4.
 1 [internal function]: CodeIgniter\Debug\Exceptions->shutdownHandler()
CRITICAL - 2023-12-12 20:26:54 --> Too few arguments to function CodeIgniter\Router\RouteCollection::__construct(), 0 passed in C:\xampp\htdocs\BOUTIQUEHELENGIRLS\app\Config\Routes.php on line 8 and exactly 3 expected
in SYSTEMPATH\Router\RouteCollection.php on line 285.
 1 APPPATH\Config\Routes.php(8): CodeIgniter\Router\RouteCollection->__construct()
 2 SYSTEMPATH\Router\RouteCollection.php(344): require('C:\\xampp\\htdocs\\BOUTIQUEHELENGIRLS\\app\\Config\\Routes.php')
 3 SYSTEMPATH\CodeIgniter.php(810): CodeIgniter\Router\RouteCollection->loadRoutes()
 4 SYSTEMPATH\CodeIgniter.php(450): CodeIgniter\CodeIgniter->tryToRouteIt(null)
 5 SYSTEMPATH\CodeIgniter.php(361): CodeIgniter\CodeIgniter->handleRequest(null, Object(Config\Cache), false)
 6 FCPATH\index.php(79): CodeIgniter\CodeIgniter->run()
CRITICAL - 2023-12-12 20:26:55 --> Too few arguments to function CodeIgniter\Router\RouteCollection::__construct(), 0 passed in C:\xampp\htdocs\BOUTIQUEHELENGIRLS\app\Config\Routes.php on line 8 and exactly 3 expected
in SYSTEMPATH\Router\RouteCollection.php on line 285.
 1 APPPATH\Config\Routes.php(8): CodeIgniter\Router\RouteCollection->__construct()
 2 SYSTEMPATH\Router\RouteCollection.php(344): require('C:\\xampp\\htdocs\\BOUTIQUEHELENGIRLS\\app\\Config\\Routes.php')
 3 SYSTEMPATH\CodeIgniter.php(810): CodeIgniter\Router\RouteCollection->loadRoutes()
 4 SYSTEMPATH\CodeIgniter.php(450): CodeIgniter\CodeIgniter->tryToRouteIt(null)
 5 SYSTEMPATH\CodeIgniter.php(361): CodeIgniter\CodeIgniter->handleRequest(null, Object(Config\Cache), false)
 6 FCPATH\index.php(79): CodeIgniter\CodeIgniter->run()
CRITICAL - 2023-12-12 20:27:12 --> Too few arguments to function CodeIgniter\Router\RouteCollection::__construct(), 0 passed in C:\xampp\htdocs\BOUTIQUEHELENGIRLS\app\Config\Routes.php on line 9 and exactly 3 expected
in SYSTEMPATH\Router\RouteCollection.php on line 285.
 1 APPPATH\Config\Routes.php(9): CodeIgniter\Router\RouteCollection->__construct()
 2 SYSTEMPATH\Router\RouteCollection.php(344): require('C:\\xampp\\htdocs\\BOUTIQUEHELENGIRLS\\app\\Config\\Routes.php')
 3 SYSTEMPATH\CodeIgniter.php(810): CodeIgniter\Router\RouteCollection->loadRoutes()
 4 SYSTEMPATH\CodeIgniter.php(450): CodeIgniter\CodeIgniter->tryToRouteIt(null)
 5 SYSTEMPATH\CodeIgniter.php(361): CodeIgniter\CodeIgniter->handleRequest(null, Object(Config\Cache), false)
 6 FCPATH\index.php(79): CodeIgniter\CodeIgniter->run()
CRITICAL - 2023-12-12 20:27:12 --> Too few arguments to function CodeIgniter\Router\RouteCollection::__construct(), 0 passed in C:\xampp\htdocs\BOUTIQUEHELENGIRLS\app\Config\Routes.php on line 9 and exactly 3 expected
in SYSTEMPATH\Router\RouteCollection.php on line 285.
 1 APPPATH\Config\Routes.php(9): CodeIgniter\Router\RouteCollection->__construct()
 2 SYSTEMPATH\Router\RouteCollection.php(344): require('C:\\xampp\\htdocs\\BOUTIQUEHELENGIRLS\\app\\Config\\Routes.php')
 3 SYSTEMPATH\CodeIgniter.php(810): CodeIgniter\Router\RouteCollection->loadRoutes()
 4 SYSTEMPATH\CodeIgniter.php(450): CodeIgniter\CodeIgniter->tryToRouteIt(null)
 5 SYSTEMPATH\CodeIgniter.php(361): CodeIgniter\CodeIgniter->handleRequest(null, Object(Config\Cache), false)
 6 FCPATH\index.php(79): CodeIgniter\CodeIgniter->run()
CRITICAL - 2023-12-12 20:27:13 --> Too few arguments to function CodeIgniter\Router\RouteCollection::__construct(), 0 passed in C:\xampp\htdocs\BOUTIQUEHELENGIRLS\app\Config\Routes.php on line 9 and exactly 3 expected
in SYSTEMPATH\Router\RouteCollection.php on line 285.
 1 APPPATH\Config\Routes.php(9): CodeIgniter\Router\RouteCollection->__construct()
 2 SYSTEMPATH\Router\RouteCollection.php(344): require('C:\\xampp\\htdocs\\BOUTIQUEHELENGIRLS\\app\\Config\\Routes.php')
 3 SYSTEMPATH\CodeIgniter.php(810): CodeIgniter\Router\RouteCollection->loadRoutes()
 4 SYSTEMPATH\CodeIgniter.php(450): CodeIgniter\CodeIgniter->tryToRouteIt(null)
 5 SYSTEMPATH\CodeIgniter.php(361): CodeIgniter\CodeIgniter->handleRequest(null, Object(Config\Cache), false)
 6 FCPATH\index.php(79): CodeIgniter\CodeIgniter->run()
CRITICAL - 2023-12-12 20:27:13 --> Too few arguments to function CodeIgniter\Router\RouteCollection::__construct(), 0 passed in C:\xampp\htdocs\BOUTIQUEHELENGIRLS\app\Config\Routes.php on line 9 and exactly 3 expected
in SYSTEMPATH\Router\RouteCollection.php on line 285.
 1 APPPATH\Config\Routes.php(9): CodeIgniter\Router\RouteCollection->__construct()
 2 SYSTEMPATH\Router\RouteCollection.php(344): require('C:\\xampp\\htdocs\\BOUTIQUEHELENGIRLS\\app\\Config\\Routes.php')
 3 SYSTEMPATH\CodeIgniter.php(810): CodeIgniter\Router\RouteCollection->loadRoutes()
 4 SYSTEMPATH\CodeIgniter.php(450): CodeIgniter\CodeIgniter->tryToRouteIt(null)
 5 SYSTEMPATH\CodeIgniter.php(361): CodeIgniter\CodeIgniter->handleRequest(null, Object(Config\Cache), false)
 6 FCPATH\index.php(79): CodeIgniter\CodeIgniter->run()
CRITICAL - 2023-12-12 20:27:13 --> Too few arguments to function CodeIgniter\Router\RouteCollection::__construct(), 0 passed in C:\xampp\htdocs\BOUTIQUEHELENGIRLS\app\Config\Routes.php on line 9 and exactly 3 expected
in SYSTEMPATH\Router\RouteCollection.php on line 285.
 1 APPPATH\Config\Routes.php(9): CodeIgniter\Router\RouteCollection->__construct()
 2 SYSTEMPATH\Router\RouteCollection.php(344): require('C:\\xampp\\htdocs\\BOUTIQUEHELENGIRLS\\app\\Config\\Routes.php')
 3 SYSTEMPATH\CodeIgniter.php(810): CodeIgniter\Router\RouteCollection->loadRoutes()
 4 SYSTEMPATH\CodeIgniter.php(450): CodeIgniter\CodeIgniter->tryToRouteIt(null)
 5 SYSTEMPATH\CodeIgniter.php(361): CodeIgniter\CodeIgniter->handleRequest(null, Object(Config\Cache), false)
 6 FCPATH\index.php(79): CodeIgniter\CodeIgniter->run()
CRITICAL - 2023-12-12 20:27:13 --> Too few arguments to function CodeIgniter\Router\RouteCollection::__construct(), 0 passed in C:\xampp\htdocs\BOUTIQUEHELENGIRLS\app\Config\Routes.php on line 9 and exactly 3 expected
in SYSTEMPATH\Router\RouteCollection.php on line 285.
 1 APPPATH\Config\Routes.php(9): CodeIgniter\Router\RouteCollection->__construct()
 2 SYSTEMPATH\Router\RouteCollection.php(344): require('C:\\xampp\\htdocs\\BOUTIQUEHELENGIRLS\\app\\Config\\Routes.php')
 3 SYSTEMPATH\CodeIgniter.php(810): CodeIgniter\Router\RouteCollection->loadRoutes()
 4 SYSTEMPATH\CodeIgniter.php(450): CodeIgniter\CodeIgniter->tryToRouteIt(null)
 5 SYSTEMPATH\CodeIgniter.php(361): CodeIgniter\CodeIgniter->handleRequest(null, Object(Config\Cache), false)
 6 FCPATH\index.php(79): CodeIgniter\CodeIgniter->run()
CRITICAL - 2023-12-12 20:27:13 --> Too few arguments to function CodeIgniter\Router\RouteCollection::__construct(), 0 passed in C:\xampp\htdocs\BOUTIQUEHELENGIRLS\app\Config\Routes.php on line 9 and exactly 3 expected
in SYSTEMPATH\Router\RouteCollection.php on line 285.
 1 APPPATH\Config\Routes.php(9): CodeIgniter\Router\RouteCollection->__construct()
 2 SYSTEMPATH\Router\RouteCollection.php(344): require('C:\\xampp\\htdocs\\BOUTIQUEHELENGIRLS\\app\\Config\\Routes.php')
 3 SYSTEMPATH\CodeIgniter.php(810): CodeIgniter\Router\RouteCollection->loadRoutes()
 4 SYSTEMPATH\CodeIgniter.php(450): CodeIgniter\CodeIgniter->tryToRouteIt(null)
 5 SYSTEMPATH\CodeIgniter.php(361): CodeIgniter\CodeIgniter->handleRequest(null, Object(Config\Cache), false)
 6 FCPATH\index.php(79): CodeIgniter\CodeIgniter->run()
CRITICAL - 2023-12-12 20:27:14 --> Too few arguments to function CodeIgniter\Router\RouteCollection::__construct(), 0 passed in C:\xampp\htdocs\BOUTIQUEHELENGIRLS\app\Config\Routes.php on line 9 and exactly 3 expected
in SYSTEMPATH\Router\RouteCollection.php on line 285.
 1 APPPATH\Config\Routes.php(9): CodeIgniter\Router\RouteCollection->__construct()
 2 SYSTEMPATH\Router\RouteCollection.php(344): require('C:\\xampp\\htdocs\\BOUTIQUEHELENGIRLS\\app\\Config\\Routes.php')
 3 SYSTEMPATH\CodeIgniter.php(810): CodeIgniter\Router\RouteCollection->loadRoutes()
 4 SYSTEMPATH\CodeIgniter.php(450): CodeIgniter\CodeIgniter->tryToRouteIt(null)
 5 SYSTEMPATH\CodeIgniter.php(361): CodeIgniter\CodeIgniter->handleRequest(null, Object(Config\Cache), false)
 6 FCPATH\index.php(79): CodeIgniter\CodeIgniter->run()
CRITICAL - 2023-12-12 20:27:14 --> Too few arguments to function CodeIgniter\Router\RouteCollection::__construct(), 0 passed in C:\xampp\htdocs\BOUTIQUEHELENGIRLS\app\Config\Routes.php on line 9 and exactly 3 expected
in SYSTEMPATH\Router\RouteCollection.php on line 285.
 1 APPPATH\Config\Routes.php(9): CodeIgniter\Router\RouteCollection->__construct()
 2 SYSTEMPATH\Router\RouteCollection.php(344): require('C:\\xampp\\htdocs\\BOUTIQUEHELENGIRLS\\app\\Config\\Routes.php')
 3 SYSTEMPATH\CodeIgniter.php(810): CodeIgniter\Router\RouteCollection->loadRoutes()
 4 SYSTEMPATH\CodeIgniter.php(450): CodeIgniter\CodeIgniter->tryToRouteIt(null)
 5 SYSTEMPATH\CodeIgniter.php(361): CodeIgniter\CodeIgniter->handleRequest(null, Object(Config\Cache), false)
 6 FCPATH\index.php(79): CodeIgniter\CodeIgniter->run()
CRITICAL - 2023-12-12 20:27:14 --> Too few arguments to function CodeIgniter\Router\RouteCollection::__construct(), 0 passed in C:\xampp\htdocs\BOUTIQUEHELENGIRLS\app\Config\Routes.php on line 9 and exactly 3 expected
in SYSTEMPATH\Router\RouteCollection.php on line 285.
 1 APPPATH\Config\Routes.php(9): CodeIgniter\Router\RouteCollection->__construct()
 2 SYSTEMPATH\Router\RouteCollection.php(344): require('C:\\xampp\\htdocs\\BOUTIQUEHELENGIRLS\\app\\Config\\Routes.php')
 3 SYSTEMPATH\CodeIgniter.php(810): CodeIgniter\Router\RouteCollection->loadRoutes()
 4 SYSTEMPATH\CodeIgniter.php(450): CodeIgniter\CodeIgniter->tryToRouteIt(null)
 5 SYSTEMPATH\CodeIgniter.php(361): CodeIgniter\CodeIgniter->handleRequest(null, Object(Config\Cache), false)
 6 FCPATH\index.php(79): CodeIgniter\CodeIgniter->run()
CRITICAL - 2023-12-12 20:27:14 --> Too few arguments to function CodeIgniter\Router\RouteCollection::__construct(), 0 passed in C:\xampp\htdocs\BOUTIQUEHELENGIRLS\app\Config\Routes.php on line 9 and exactly 3 expected
in SYSTEMPATH\Router\RouteCollection.php on line 285.
 1 APPPATH\Config\Routes.php(9): CodeIgniter\Router\RouteCollection->__construct()
 2 SYSTEMPATH\Router\RouteCollection.php(344): require('C:\\xampp\\htdocs\\BOUTIQUEHELENGIRLS\\app\\Config\\Routes.php')
 3 SYSTEMPATH\CodeIgniter.php(810): CodeIgniter\Router\RouteCollection->loadRoutes()
 4 SYSTEMPATH\CodeIgniter.php(450): CodeIgniter\CodeIgniter->tryToRouteIt(null)
 5 SYSTEMPATH\CodeIgniter.php(361): CodeIgniter\CodeIgniter->handleRequest(null, Object(Config\Cache), false)
 6 FCPATH\index.php(79): CodeIgniter\CodeIgniter->run()
CRITICAL - 2023-12-12 20:27:15 --> Too few arguments to function CodeIgniter\Router\RouteCollection::__construct(), 0 passed in C:\xampp\htdocs\BOUTIQUEHELENGIRLS\app\Config\Routes.php on line 9 and exactly 3 expected
in SYSTEMPATH\Router\RouteCollection.php on line 285.
 1 APPPATH\Config\Routes.php(9): CodeIgniter\Router\RouteCollection->__construct()
 2 SYSTEMPATH\Router\RouteCollection.php(344): require('C:\\xampp\\htdocs\\BOUTIQUEHELENGIRLS\\app\\Config\\Routes.php')
 3 SYSTEMPATH\CodeIgniter.php(810): CodeIgniter\Router\RouteCollection->loadRoutes()
 4 SYSTEMPATH\CodeIgniter.php(450): CodeIgniter\CodeIgniter->tryToRouteIt(null)
 5 SYSTEMPATH\CodeIgniter.php(361): CodeIgniter\CodeIgniter->handleRequest(null, Object(Config\Cache), false)
 6 FCPATH\index.php(79): CodeIgniter\CodeIgniter->run()
CRITICAL - 2023-12-12 20:27:15 --> Too few arguments to function CodeIgniter\Router\RouteCollection::__construct(), 0 passed in C:\xampp\htdocs\BOUTIQUEHELENGIRLS\app\Config\Routes.php on line 9 and exactly 3 expected
in SYSTEMPATH\Router\RouteCollection.php on line 285.
 1 APPPATH\Config\Routes.php(9): CodeIgniter\Router\RouteCollection->__construct()
 2 SYSTEMPATH\Router\RouteCollection.php(344): require('C:\\xampp\\htdocs\\BOUTIQUEHELENGIRLS\\app\\Config\\Routes.php')
 3 SYSTEMPATH\CodeIgniter.php(810): CodeIgniter\Router\RouteCollection->loadRoutes()
 4 SYSTEMPATH\CodeIgniter.php(450): CodeIgniter\CodeIgniter->tryToRouteIt(null)
 5 SYSTEMPATH\CodeIgniter.php(361): CodeIgniter\CodeIgniter->handleRequest(null, Object(Config\Cache), false)
 6 FCPATH\index.php(79): CodeIgniter\CodeIgniter->run()
